# JRE version: OpenJDK Runtime Environment (8.0_222-b10) (build 1.8.0_222-b10)
# Java VM: OpenJDK 64-Bit Server VM (25.222-b10 mixed mode windows-amd64 compressed oops)
Heap:
 PSYoungGen      total 279552K, used 102183K [0x00000000d5f80000, 0x00000000e8180000, 0x0000000100000000)
  eden space 264192K, 38% used [0x00000000d5f80000,0x00000000dc349c40,0x00000000e6180000)
  from space 15360K, 0% used [0x00000000e6180000,0x00000000e6180000,0x00000000e7080000)
  to   space 13312K, 0% used [0x00000000e7080000,0x00000000e7080000,0x00000000e7d80000)
 ParOldGen       total 115712K, used 34931K [0x0000000081e00000, 0x0000000088f00000, 0x00000000d5f80000)
  object space 115712K, 30% used [0x0000000081e00000,0x000000008401cf88,0x0000000088f00000)
 Metaspace       used 56235K, capacity 61250K, committed 61400K, reserved 1101824K
  class space    used 7412K, capacity 8291K, committed 8408K, reserved 1048576K
GC Heap History (10 events):
Event: 20.197 GC heap before
{Heap before GC invocations=12 (full 1):
 PSYoungGen      total 277504K, used 37420K [0x00000000d5f80000, 0x00000000e8180000, 0x0000000100000000)
  eden space 264192K, 9% used [0x00000000d5f80000,0x00000000d77108c8,0x00000000e6180000)
  from space 13312K, 99% used [0x00000000e7080000,0x00000000e7d7a838,0x00000000e7d80000)
  to   space 15360K, 0% used [0x00000000e6180000,0x00000000e6180000,0x00000000e7080000)
 ParOldGen       total 58368K, used 20740K [0x0000000081e00000, 0x0000000085700000, 0x00000000d5f80000)
  object space 58368K, 35% used [0x0000000081e00000,0x0000000083241078,0x0000000085700000)
 Metaspace       used 34290K, capacity 35276K, committed 35416K, reserved 1081344K
  class space    used 4131K, capacity 4355K, committed 4440K, reserved 1048576K
Event: 20.205 GC heap after
Heap after GC invocations=12 (full 1):
 PSYoungGen      total 279552K, used 1592K [0x00000000d5f80000, 0x00000000e8180000, 0x0000000100000000)
  eden space 264192K, 0% used [0x00000000d5f80000,0x00000000d5f80000,0x00000000e6180000)
  from space 15360K, 10% used [0x00000000e6180000,0x00000000e630e308,0x00000000e7080000)
  to   space 13312K, 0% used [0x00000000e7080000,0x00000000e7080000,0x00000000e7d80000)
 ParOldGen       total 58368K, used 29576K [0x0000000081e00000, 0x0000000085700000, 0x00000000d5f80000)
  object space 58368K, 50% used [0x0000000081e00000,0x0000000083ae20d8,0x0000000085700000)
 Metaspace       used 34290K, capacity 35276K, committed 35416K, reserved 1081344K
  class space    used 4131K, capacity 4355K, committed 4440K, reserved 1048576K
}
Event: 20.205 GC heap before
{Heap before GC invocations=13 (full 2):
 PSYoungGen      total 279552K, used 1592K [0x00000000d5f80000, 0x00000000e8180000, 0x0000000100000000)
  eden space 264192K, 0% used [0x00000000d5f80000,0x00000000d5f80000,0x00000000e6180000)
  from space 15360K, 10% used [0x00000000e6180000,0x00000000e630e308,0x00000000e7080000)
  to   space 13312K, 0% used [0x00000000e7080000,0x00000000e7080000,0x00000000e7d80000)
 ParOldGen       total 58368K, used 29576K [0x0000000081e00000, 0x0000000085700000, 0x00000000d5f80000)
  object space 58368K, 50% used [0x0000000081e00000,0x0000000083ae20d8,0x0000000085700000)
 Metaspace       used 34290K, capacity 35276K, committed 35416K, reserved 1081344K
  class space    used 4131K, capacity 4355K, committed 4440K, reserved 1048576K
Event: 20.268 GC heap after
Heap after GC invocations=13 (full 2):
 PSYoungGen      total 279552K, used 0K [0x00000000d5f80000, 0x00000000e8180000, 0x0000000100000000)
  eden space 264192K, 0% used [0x00000000d5f80000,0x00000000d5f80000,0x00000000e6180000)
  from space 15360K, 0% used [0x00000000e6180000,0x00000000e6180000,0x00000000e7080000)
  to   space 13312K, 0% used [0x00000000e7080000,0x00000000e7080000,0x00000000e7d80000)
 ParOldGen       total 80896K, used 19001K [0x0000000081e00000, 0x0000000086d00000, 0x00000000d5f80000)
  object space 80896K, 23% used [0x0000000081e00000,0x000000008308e788,0x0000000086d00000)
 Metaspace       used 34290K, capacity 35276K, committed 35416K, reserved 1081344K
  class space    used 4131K, capacity 4355K, committed 4440K, reserved 1048576K
}
Event: 24.326 GC heap before
{Heap before GC invocations=14 (full 2):
 PSYoungGen      total 279552K, used 264192K [0x00000000d5f80000, 0x00000000e8180000, 0x0000000100000000)
  eden space 264192K, 100% used [0x00000000d5f80000,0x00000000e6180000,0x00000000e6180000)
  from space 15360K, 0% used [0x00000000e6180000,0x00000000e6180000,0x00000000e7080000)
  to   space 13312K, 0% used [0x00000000e7080000,0x00000000e7080000,0x00000000e7d80000)
 ParOldGen       total 80896K, used 19001K [0x0000000081e00000, 0x0000000086d00000, 0x00000000d5f80000)
  object space 80896K, 23% used [0x0000000081e00000,0x000000008308e788,0x0000000086d00000)
 Metaspace       used 48760K, capacity 52452K, committed 52568K, reserved 1095680K
  class space    used 6445K, capacity 7174K, committed 7256K, reserved 1048576K
Event: 24.350 GC heap after
Heap after GC invocations=14 (full 2):
 PSYoungGen      total 277504K, used 13291K [0x00000000d5f80000, 0x00000000e8180000, 0x0000000100000000)
  eden space 264192K, 0% used [0x00000000d5f80000,0x00000000d5f80000,0x00000000e6180000)
  from space 13312K, 99% used [0x00000000e7080000,0x00000000e7d7ae80,0x00000000e7d80000)
  to   space 15360K, 0% used [0x00000000e6180000,0x00000000e6180000,0x00000000e7080000)
 ParOldGen       total 80896K, used 28306K [0x0000000081e00000, 0x0000000086d00000, 0x00000000d5f80000)
  object space 80896K, 34% used [0x0000000081e00000,0x00000000839a48f0,0x0000000086d00000)
 Metaspace       used 48760K, capacity 52452K, committed 52568K, reserved 1095680K
  class space    used 6445K, capacity 7174K, committed 7256K, reserved 1048576K
}
Event: 26.116 GC heap before
{Heap before GC invocations=15 (full 2):
 PSYoungGen      total 277504K, used 207939K [0x00000000d5f80000, 0x00000000e8180000, 0x0000000100000000)
  eden space 264192K, 73% used [0x00000000d5f80000,0x00000000e1d95fd0,0x00000000e6180000)
  from space 13312K, 99% used [0x00000000e7080000,0x00000000e7d7ae80,0x00000000e7d80000)
  to   space 15360K, 0% used [0x00000000e6180000,0x00000000e6180000,0x00000000e7080000)
 ParOldGen       total 80896K, used 28306K [0x0000000081e00000, 0x0000000086d00000, 0x00000000d5f80000)
  object space 80896K, 34% used [0x0000000081e00000,0x00000000839a48f0,0x0000000086d00000)
 Metaspace       used 54451K, capacity 58996K, committed 59028K, reserved 1099776K
  class space    used 7187K, capacity 7998K, committed 8024K, reserved 1048576K
Event: 26.137 GC heap after
Heap after GC invocations=15 (full 2):
 PSYoungGen      total 279552K, used 7682K [0x00000000d5f80000, 0x00000000e8180000, 0x0000000100000000)
  eden space 264192K, 0% used [0x00000000d5f80000,0x00000000d5f80000,0x00000000e6180000)
  from space 15360K, 50% used [0x00000000e6180000,0x00000000e6900978,0x00000000e7080000)
  to   space 13312K, 0% used [0x00000000e7080000,0x00000000e7080000,0x00000000e7d80000)
 ParOldGen       total 80896K, used 38888K [0x0000000081e00000, 0x0000000086d00000, 0x00000000d5f80000)
  object space 80896K, 48% used [0x0000000081e00000,0x00000000843fa000,0x0000000086d00000)
 Metaspace       used 54451K, capacity 58996K, committed 59028K, reserved 1099776K
  class space    used 7187K, capacity 7998K, committed 8024K, reserved 1048576K
}
Event: 26.137 GC heap before
{Heap before GC invocations=16 (full 3):
 PSYoungGen      total 279552K, used 7682K [0x00000000d5f80000, 0x00000000e8180000, 0x0000000100000000)
  eden space 264192K, 0% used [0x00000000d5f80000,0x00000000d5f80000,0x00000000e6180000)
  from space 15360K, 50% used [0x00000000e6180000,0x00000000e6900978,0x00000000e7080000)
  to   space 13312K, 0% used [0x00000000e7080000,0x00000000e7080000,0x00000000e7d80000)
 ParOldGen       total 80896K, used 38888K [0x0000000081e00000, 0x0000000086d00000, 0x00000000d5f80000)
  object space 80896K, 48% used [0x0000000081e00000,0x00000000843fa000,0x0000000086d00000)
 Metaspace       used 54451K, capacity 58996K, committed 59028K, reserved 1099776K
  class space    used 7187K, capacity 7998K, committed 8024K, reserved 1048576K
Event: 26.311 GC heap after
Heap after GC invocations=16 (full 3):
 PSYoungGen      total 279552K, used 0K [0x00000000d5f80000, 0x00000000e8180000, 0x0000000100000000)
  eden space 264192K, 0% used [0x00000000d5f80000,0x00000000d5f80000,0x00000000e6180000)
  from space 15360K, 0% used [0x00000000e6180000,0x00000000e6180000,0x00000000e7080000)
  to   space 13312K, 0% used [0x00000000e7080000,0x00000000e7080000,0x00000000e7d80000)
 ParOldGen       total 115712K, used 34931K [0x0000000081e00000, 0x0000000088f00000, 0x00000000d5f80000)
  object space 115712K, 30% used [0x0000000081e00000,0x000000008401cf88,0x0000000088f00000)
 Metaspace       used 54451K, capacity 58996K, committed 59028K, reserved 1099776K
  class space    used 7187K, capacity 7998K, committed 8024K, reserved 1048576K
}

